2024-08-28 18:46:49 [info]: Braum is battling in port:9443
2024-08-28 19:06:15 [info]: Braum is battling in port:9443
2024-08-28 19:06:27 [info]: renda fixa running in port:9443
2024-08-28 19:06:33 [info]: Time:
2024-08-28 19:07:01 [info]: Time:
2024-08-28 19:09:19 [info]: renda fixa running in port:9443
2024-08-28 19:09:29 [info]: Time:
2024-08-28 19:10:20 [info]: renda fixa running in port:9443
2024-08-28 19:10:22 [info]: renda fixa running in port:9443
2024-08-28 19:10:23 [info]: Time:
2024-08-28 19:10:24 [info]: Time:
2024-08-28 19:11:14 [info]: renda fixa running in port:9443
2024-08-28 19:11:17 [info]: Time:
2024-08-28 19:11:44 [info]: renda fixa running in port:9443
2024-08-28 19:12:22 [info]: renda fixa running in port:9443
2024-08-28 19:12:28 [info]: renda fixa running in port:9443
2024-08-28 19:12:30 [info]: Time:
2024-08-28 19:13:52 [info]: renda fixa running in port:9443
2024-08-28 19:13:53 [info]: renda fixa running in port:9443
2024-08-28 19:14:51 [info]: renda fixa running in port:9443
2024-08-28 19:23:28 [info]: renda fixa running in port:9443
2024-08-28 19:23:52 [info]: renda fixa running in port:9443
2024-08-28 19:23:55 [info]: Time:
2024-08-28 19:23:55 [info]: all
2024-08-28 19:25:07 [info]: Time:
2024-08-28 19:25:07 [info]: all
2024-08-28 19:26:31 [info]: renda fixa running in port:9443
2024-08-28 19:26:33 [info]: Time:
2024-08-28 19:26:33 [info]: all
2024-08-28 19:37:59 [info]: renda fixa running in port:9443
2024-08-28 19:39:13 [info]: renda fixa running in port:9443
2024-08-28 19:40:04 [info]: Time:
2024-08-28 19:40:15 [info]: Time:
2024-08-28 19:40:42 [info]: Time:
2024-08-28 19:45:57 [info]: renda fixa running in port:9443
2024-08-28 19:46:00 [info]: renda fixa running in port:9443
2024-08-28 19:46:09 [info]: Time:
2024-08-28 19:46:24 [info]: renda fixa running in port:9443
2024-08-28 19:48:35 [info]: renda fixa running in port:9443
2024-08-28 19:48:50 [info]: renda fixa running in port:9443
2024-08-28 19:48:53 [info]: Time:
2024-08-28 19:48:55 [info]: Time:
2024-08-28 19:49:52 [info]: renda fixa running in port:9443
2024-08-28 19:50:03 [info]: renda fixa running in port:9443
2024-08-28 19:50:05 [info]: Time:
2024-08-28 19:50:07 [info]: Time:
2024-08-28 19:50:36 [info]: renda fixa running in port:9443
2024-08-28 19:51:02 [info]: renda fixa running in port:9443
2024-08-28 19:51:07 [info]: renda fixa running in port:9443
2024-08-28 19:51:21 [info]: renda fixa running in port:9443
2024-08-28 19:51:23 [info]: Time:
2024-08-28 19:51:24 [info]: Time:
2024-08-28 19:52:13 [info]: renda fixa running in port:9443
2024-08-28 19:52:15 [info]: Time:
2024-08-28 19:52:36 [info]: renda fixa running in port:9443
2024-08-28 19:52:37 [info]: renda fixa running in port:9443
2024-08-28 19:52:43 [info]: renda fixa running in port:9443
2024-08-28 19:53:30 [info]: renda fixa running in port:9443
2024-08-28 19:53:44 [info]: renda fixa running in port:9443
2024-08-28 19:53:45 [info]: renda fixa running in port:9443
2024-08-28 19:53:48 [info]: Time:
2024-08-28 19:53:50 [info]: Time:
2024-08-28 19:55:26 [info]: Time:
2024-08-28 19:56:46 [info]: renda fixa running in port:9443
2024-08-28 19:56:50 [info]: Time:
2024-08-28 19:56:50 [info]: all
2024-08-28 19:56:52 [info]: Time:
2024-08-28 19:56:52 [info]: all
2024-08-28 19:57:11 [info]: renda fixa running in port:9443
2024-08-28 19:57:37 [info]: renda fixa running in port:9443
2024-08-28 19:57:38 [info]: Time:
2024-08-28 19:57:38 [info]: all
2024-08-28 19:57:39 [info]: Time:
2024-08-28 19:57:39 [info]: all
2024-08-28 19:57:39 [info]: Time:
2024-08-28 19:57:39 [info]: all
2024-08-28 19:57:40 [info]: Time:
2024-08-28 19:57:40 [info]: all
2024-08-28 19:57:40 [info]: Time:
2024-08-28 19:57:40 [info]: all
2024-08-28 19:57:41 [info]: Time:
2024-08-28 19:57:41 [info]: all
2024-08-28 19:57:41 [info]: Time:
2024-08-28 19:57:41 [info]: all
2024-08-28 19:57:42 [info]: Time:
2024-08-28 19:57:42 [info]: all
2024-08-28 19:57:42 [info]: Time:
2024-08-28 19:57:42 [info]: all
2024-08-28 19:57:42 [info]: Time:
2024-08-28 19:57:42 [info]: all
2024-08-28 19:57:43 [info]: Time:
2024-08-28 19:57:43 [info]: all
2024-08-28 20:00:35 [info]: renda fixa running in port:9443
2024-08-28 20:00:37 [info]: Time:
2024-08-28 20:00:37 [info]: all
2024-08-28 20:03:08 [info]: Time:
2024-08-28 20:03:08 [info]: all
2024-08-28 20:03:40 [info]: Time:
2024-08-28 20:03:45 [info]: Time:
2024-08-28 20:03:45 [info]: 100
2024-08-28 20:03:49 [info]: Time:
2024-08-28 20:03:49 [info]: 0 index
2024-08-28 20:03:54 [info]: Time:
2024-08-28 20:03:54 [info]: -1 index
2024-08-28 20:03:54 [info]: deleted? : 
2024-08-28 20:04:01 [info]: Time:
2024-08-28 20:04:01 [info]: alll
2024-08-28 20:04:07 [info]: Time:
2024-08-28 20:04:07 [info]: alll
2024-08-28 20:04:41 [info]: Time:
2024-08-28 20:04:41 [info]: all
2024-08-28 20:05:24 [info]: renda fixa running in port:9443
2024-08-28 20:05:29 [info]: Time:
2024-08-28 20:05:29 [info]: all
2024-08-28 20:07:44 [info]: renda fixa running in port:9443
2024-08-28 20:08:05 [info]: Time:
2024-08-28 20:08:05 [info]: [object Object]
2024-08-28 20:08:05 [info]: retornando...
2024-08-28 20:08:40 [info]: Time:
2024-08-28 20:08:40 [info]: [object Object]
2024-08-28 20:08:40 [info]: retornando...
2024-08-28 20:09:44 [info]: Time:
2024-08-28 20:09:44 [info]: 0 index
2024-08-28 20:09:48 [info]: Time:
2024-08-28 20:09:48 [info]: 0 index
2024-08-28 20:10:31 [info]: Time:
2024-08-28 20:10:31 [info]: -1 index
2024-08-28 20:10:31 [info]: deleted? : 
2024-08-28 20:10:38 [info]: Time:
2024-08-28 20:10:38 [info]: [object Object]
2024-08-28 20:10:38 [info]: retornando...
2024-08-28 20:10:51 [info]: Time:
2024-08-28 20:11:00 [info]: Time:
2024-08-28 20:11:00 [info]: all
2024-08-28 20:11:21 [info]: renda fixa running in port:9443
2024-08-28 20:11:24 [info]: Time:
2024-08-28 20:11:24 [info]: list
2024-08-28 20:11:27 [info]: Time:
2024-08-28 20:11:27 [info]: list
2024-08-28 20:11:27 [info]: Time:
2024-08-28 20:11:27 [info]: list
2024-08-28 20:11:27 [info]: Time:
2024-08-28 20:11:27 [info]: list
2024-08-28 20:11:27 [info]: Time:
2024-08-28 20:11:27 [info]: list
2024-08-28 20:11:27 [info]: Time:
2024-08-28 20:11:27 [info]: list
2024-08-28 20:11:28 [info]: Time:
2024-08-28 20:11:28 [info]: list
2024-08-28 20:11:42 [info]: renda fixa running in port:9443
2024-08-28 20:11:46 [info]: renda fixa running in port:9443
2024-08-28 20:11:47 [info]: Time:
2024-08-28 20:11:47 [info]: list
2024-08-28 20:11:48 [info]: Time:
2024-08-28 20:11:48 [info]: list
2024-08-28 20:11:48 [info]: Time:
2024-08-28 20:11:48 [info]: list
2024-08-28 20:11:51 [info]: Time:
2024-08-28 20:11:51 [info]: list
2024-08-28 20:11:51 [info]: Time:
2024-08-28 20:11:51 [info]: list
2024-08-28 20:11:51 [info]: Time:
2024-08-28 20:11:51 [info]: list
2024-08-28 20:11:51 [info]: Time:
2024-08-28 20:11:51 [info]: list
2024-08-28 20:11:51 [info]: Time:
2024-08-28 20:11:51 [info]: list
2024-08-28 20:11:52 [info]: Time:
2024-08-28 20:11:52 [info]: list
2024-08-28 20:11:52 [info]: Time:
2024-08-28 20:11:52 [info]: list
2024-08-28 20:11:52 [info]: Time:
2024-08-28 20:11:52 [info]: list
2024-08-28 20:11:52 [info]: Time:
2024-08-28 20:11:52 [info]: list
2024-08-28 20:11:52 [info]: Time:
2024-08-28 20:11:52 [info]: list
2024-08-28 20:14:27 [info]: renda fixa running in port:9443
2024-08-28 20:14:30 [info]: Time:
2024-08-28 20:14:30 [info]: list
2024-08-28 20:14:31 [info]: Time:
2024-08-28 20:14:31 [info]: list
2024-08-28 20:14:33 [info]: Time:
2024-08-28 20:14:33 [info]: list
2024-08-28 20:14:41 [info]: Time:
2024-08-28 20:14:43 [info]: Time:
2024-08-28 20:15:25 [info]: renda fixa running in port:9443
2024-08-28 20:15:28 [info]: Time:
2024-08-28 20:15:42 [info]: renda fixa running in port:9443
2024-08-28 20:15:44 [info]: Time:
2024-08-28 20:15:45 [info]: Time:
2024-08-28 20:44:56 [info]: renda fixa running in port:9443
2024-08-28 20:44:57 [info]: Time:
2024-08-28 20:45:45 [info]: renda fixa running in port:9443
2024-08-28 20:45:45 [info]: Time:
2024-08-28 20:45:46 [info]: Time:
2024-08-28 20:45:49 [info]: renda fixa running in port:9443
2024-08-28 20:45:52 [info]: Time:
2024-08-28 20:46:00 [info]: renda fixa running in port:9443
2024-08-28 20:46:01 [info]: Time:
2024-08-28 21:21:42 [info]: renda fixa running in port:9443
2024-08-28 21:21:46 [info]: Time:
2024-08-28 21:22:05 [info]: renda fixa running in port:9443
2024-08-28 21:22:06 [info]: Time:
2024-08-28 21:22:07 [info]: Time:
2024-08-28 21:22:08 [info]: Time:
2024-08-28 21:22:10 [info]: renda fixa running in port:9443
2024-08-28 21:22:12 [info]: Time:
2024-08-28 21:22:12 [info]: Time:
2024-08-28 21:22:13 [info]: Time:
2024-08-28 21:22:37 [info]: renda fixa running in port:9443
2024-08-28 21:22:39 [info]: Time:
2024-08-28 21:23:40 [info]: renda fixa running in port:9443
2024-08-28 21:23:44 [info]: Time:
2024-08-28 21:23:45 [info]: Time:
2024-08-28 21:23:50 [info]: Time:
2024-08-28 21:23:58 [info]: renda fixa running in port:9443
2024-08-28 21:24:59 [info]: renda fixa running in port:9443
2024-08-28 21:31:00 [info]: Time:
2024-08-28 21:32:31 [info]: renda fixa running in port:9443
2024-08-28 21:33:13 [info]: Time:
2024-08-28 21:33:14 [info]: Time:
2024-08-28 21:33:31 [info]: renda fixa running in port:9443
2024-08-28 21:33:33 [info]: Time:
2024-08-28 21:33:34 [info]: Time:
2024-08-28 21:33:53 [info]: renda fixa running in port:9443
2024-08-28 21:33:53 [info]: Time:
2024-08-28 21:35:34 [info]: Time:
2024-08-28 21:35:34 [info]: list
2024-08-28 21:35:56 [info]: renda fixa running in port:9443
2024-08-28 21:35:59 [info]: Time:
2024-08-28 21:35:59 [info]: list
2024-08-28 21:36:00 [info]: Time:
2024-08-28 21:36:00 [info]: list
2024-08-28 21:36:00 [info]: Time:
2024-08-28 21:36:00 [info]: list
2024-08-28 21:36:01 [info]: Time:
2024-08-28 21:36:01 [info]: list
2024-08-28 21:36:01 [info]: Time:
2024-08-28 21:36:01 [info]: list
2024-08-28 21:36:01 [info]: Time:
2024-08-28 21:36:01 [info]: list
2024-08-28 21:36:01 [info]: Time:
2024-08-28 21:36:01 [info]: list
2024-08-28 22:17:30 [info]: Time:
2024-08-28 22:17:30 [info]: list
2024-08-29 11:43:51 [info]: renda fixa running in port:9443
2024-08-29 11:46:26 [info]: Time:
2024-08-29 11:46:26 [info]: list
2024-08-29 11:46:27 [info]: Time:
2024-08-29 11:46:27 [info]: list
2024-08-29 11:48:07 [info]: renda fixa running in port:9443
2024-08-29 11:48:11 [info]: Time:
2024-08-29 11:48:11 [info]: list
2024-08-29 11:48:12 [info]: Time:
2024-08-29 11:48:12 [info]: list
2024-08-29 11:48:26 [info]: renda fixa running in port:9443
2024-08-29 11:48:30 [info]: renda fixa running in port:9443
2024-08-29 11:48:33 [info]: Time:
2024-08-29 11:48:33 [info]: list
2024-08-29 11:48:34 [info]: Time:
2024-08-29 11:48:34 [info]: list
2024-08-29 11:48:43 [info]: Time:
2024-08-29 11:48:43 [info]: list
2024-08-29 11:49:29 [info]: renda fixa running in port:9443
2024-08-29 11:54:30 [info]: Time:
2024-08-29 11:54:30 [info]: -1 index
2024-08-29 11:54:33 [info]: Time:
2024-08-29 11:54:33 [info]: list
2024-08-29 11:54:44 [info]: Time:
2024-08-29 11:54:44 [info]: all
2024-08-29 11:54:44 [info]: Time:
2024-08-29 11:54:44 [info]: all
2024-08-29 11:55:27 [info]: renda fixa running in port:9443
2024-08-29 11:55:34 [info]: renda fixa running in port:9443
2024-08-29 11:55:36 [info]: Time:
2024-08-29 11:55:36 [info]: all
2024-08-29 11:55:37 [info]: Time:
2024-08-29 11:55:37 [info]: all
2024-08-29 11:55:48 [info]: renda fixa running in port:9443
2024-08-29 11:55:49 [info]: Time:
2024-08-29 11:55:49 [info]: all
2024-08-29 11:55:49 [info]: Time:
2024-08-29 11:55:49 [info]: all
2024-08-29 11:55:51 [info]: Time:
2024-08-29 11:55:51 [info]: all
2024-08-29 11:55:51 [info]: Time:
2024-08-29 11:55:51 [info]: all
2024-08-29 11:55:52 [info]: Time:
2024-08-29 11:55:52 [info]: all
2024-08-29 11:55:52 [info]: Time:
2024-08-29 11:55:52 [info]: all
2024-08-29 11:55:52 [info]: Time:
2024-08-29 11:55:52 [info]: all
2024-08-29 11:55:52 [info]: Time:
2024-08-29 11:55:52 [info]: all
2024-08-29 11:55:52 [info]: Time:
2024-08-29 11:55:52 [info]: all
2024-08-29 11:56:37 [info]: renda fixa running in port:9443
2024-08-29 11:56:39 [info]: Time:
2024-08-29 11:56:39 [info]: all
2024-08-29 11:56:44 [info]: Time:
2024-08-29 11:56:44 [info]: all
2024-08-29 11:56:58 [info]: renda fixa running in port:9443
2024-08-29 11:56:59 [info]: Time:
2024-08-29 11:56:59 [info]: list
2024-08-29 11:57:00 [info]: Time:
2024-08-29 11:57:00 [info]: list
2024-08-29 12:01:17 [info]: renda fixa running in port:9443
2024-08-29 12:01:44 [info]: Time:
2024-08-29 12:01:44 [info]: todos
2024-08-29 12:01:50 [info]: Time:
2024-08-29 12:01:50 [info]: aaa
2024-08-29 12:01:55 [info]: Time:
2024-08-29 12:01:55 [info]: 2
2024-08-29 12:02:11 [info]: renda fixa running in port:9443
2024-08-29 12:02:12 [info]: Time:
2024-08-29 12:02:20 [info]: Time:
2024-08-29 12:02:27 [info]: Time:
2024-08-29 12:02:36 [info]: Time:
2024-08-30 18:46:30 [info]: renda fixa running in port:9443
2024-08-30 18:46:45 [info]: Time:
2024-08-30 18:46:52 [info]: renda fixa running in port:9443
2024-08-30 18:47:35 [info]: renda fixa running in port:9443
2024-08-30 18:47:37 [info]: Time:
2024-08-30 18:48:02 [info]: renda fixa running in port:9443
2024-08-30 18:48:04 [info]: Time:
2024-08-30 18:48:04 [info]: No clients found.
2024-08-30 18:49:07 [info]: renda fixa running in port:9443
2024-08-30 18:49:11 [info]: Time:
2024-08-30 18:49:11 [info]: all
2024-08-30 18:49:12 [info]: Time:
2024-08-30 18:49:12 [info]: all
2024-08-30 18:49:21 [info]: renda fixa running in port:9443
2024-08-30 18:49:21 [info]: Time:
2024-08-30 18:49:21 [info]: No clients found.
2024-08-30 18:49:22 [info]: Time:
2024-08-30 18:49:22 [info]: No clients found.
2024-08-30 18:49:27 [info]: Time:
2024-08-30 18:49:27 [info]: 1
2024-08-30 18:49:28 [info]: Time:
2024-08-30 18:49:28 [info]: 1
2024-08-30 18:49:34 [info]: renda fixa running in port:9443
2024-08-30 18:50:20 [info]: Time:
2024-08-30 18:50:25 [info]: Time:
2024-08-30 18:50:25 [info]: [object Object]
2024-08-30 18:50:25 [info]: retornando...
2024-08-30 18:50:29 [info]: Time:
2024-08-30 18:50:29 [info]: 0 index
2024-08-30 18:50:33 [info]: Time:
2024-08-30 18:50:33 [info]: list
2024-08-30 18:50:35 [info]: Time:
2024-08-30 18:50:35 [info]: list
2024-08-30 18:50:40 [info]: Time:
2024-08-30 18:50:40 [info]: list
2024-08-30 18:50:58 [info]: renda fixa running in port:9443
2024-08-30 18:51:05 [info]: Time:
2024-08-30 18:51:05 [info]: 1
2024-08-30 18:51:06 [info]: Time:
2024-08-30 18:51:06 [info]: 1
2024-08-30 18:51:13 [info]: renda fixa running in port:9443
2024-08-30 18:51:16 [info]: Time:
2024-08-30 18:51:16 [info]: 1
2024-08-30 18:51:17 [info]: Time:
2024-08-30 18:51:17 [info]: 1
2024-08-30 18:51:41 [info]: Time:
2024-08-30 18:51:41 [info]: No clients found.
2024-08-30 18:52:00 [info]: Time:
2024-08-30 18:52:00 [info]: 1
2024-08-30 18:52:08 [info]: Time:
2024-08-30 18:52:08 [info]: 1
2024-08-30 18:52:10 [info]: Time:
2024-08-30 18:52:10 [info]: No clients found.
2024-08-30 18:52:34 [info]: Time:
2024-08-30 18:52:34 [info]: No clients found.
2024-08-30 18:52:35 [info]: Time:
2024-08-30 18:52:35 [info]: No clients found.
2024-08-30 18:52:36 [info]: Time:
2024-08-30 18:52:36 [info]: No clients found.
2024-08-30 18:52:38 [info]: Time:
2024-08-30 18:52:38 [info]: -1 index
2024-08-30 18:52:41 [info]: Time:
2024-08-30 18:52:41 [info]: No clients found.
2024-08-30 18:52:41 [info]: Time:
2024-08-30 18:52:41 [info]: No clients found.
2024-08-30 18:53:09 [info]: Time:
2024-08-30 18:53:09 [info]: No clients found.
2024-08-30 18:53:14 [info]: Time:
2024-08-30 18:53:14 [info]: [object Object]
2024-08-30 18:53:14 [info]: retornando...
2024-08-30 18:53:16 [info]: Time:
2024-08-30 18:53:19 [info]: Time:
2024-08-30 18:53:19 [info]: 1
2024-08-30 18:53:23 [info]: Time:
2024-08-30 18:53:23 [info]: 100
2024-08-30 18:54:17 [info]: renda fixa running in port:9443
2024-08-30 18:54:23 [info]: Time:
2024-08-30 18:54:23 [info]: [object Object]
2024-08-30 18:54:23 [info]: retornando...
2024-08-30 18:54:25 [info]: Time:
2024-08-30 18:54:25 [info]: 100
2024-08-30 18:54:27 [info]: Time:
2024-08-30 18:54:27 [info]: 10
2024-08-30 18:54:34 [info]: renda fixa running in port:9443
2024-08-30 18:55:14 [info]: renda fixa running in port:9443
2024-08-30 18:55:16 [info]: Time:
2024-08-30 18:55:16 [info]: Time:
2024-08-30 18:56:31 [info]: Time:
2024-08-30 18:56:31 [info]: [object Object]
2024-08-30 18:56:31 [info]: retornando...
2024-08-30 18:56:36 [info]: Time:
2024-08-30 18:56:39 [info]: Time:
2024-08-30 18:56:41 [info]: Time:
2024-08-30 18:56:41 [info]: [object Object]
2024-08-30 18:56:41 [info]: retornando...
2024-08-30 18:56:43 [info]: Time:
2024-08-30 18:56:50 [info]: Time:
2024-08-30 18:56:50 [info]: 0 index
2024-08-30 18:56:53 [info]: Time:
2024-08-30 18:57:01 [info]: Time:
2024-08-30 18:57:01 [info]: -1 index
2024-08-30 18:57:01 [info]: deleted? : 
2024-08-30 18:57:04 [info]: Time:
2024-08-30 18:57:07 [info]: Time:
2024-08-30 18:57:07 [info]: -1 index
2024-08-30 18:57:07 [info]: deleted? : 
2024-08-30 18:57:46 [info]: renda fixa running in port:9443
2024-08-30 18:57:52 [info]: Time:
2024-08-30 18:57:52 [info]: [object Object]
2024-08-30 18:57:52 [info]: retornando...
2024-08-30 18:57:55 [info]: Time:
2024-08-30 18:57:56 [info]: Time:
2024-08-30 18:57:59 [info]: Time:
2024-08-30 18:57:59 [info]: 0 index
2024-08-30 18:58:01 [info]: Time:
2024-08-30 18:58:01 [info]: -1 index
2024-08-30 18:58:01 [info]: 100 delete id
2024-08-30 18:58:01 [info]: deleted? : 
2024-08-30 19:00:43 [info]: Time:
2024-08-30 19:00:43 [info]: -1 index
2024-08-30 19:00:43 [info]: 100 delete id
2024-08-30 19:00:43 [info]: deleted? : 
2024-08-30 19:01:11 [info]: renda fixa running in port:9443
2024-08-30 19:01:15 [info]: Time:
2024-08-30 19:01:15 [info]: [object Object]
2024-08-30 19:01:15 [info]: retornando...
2024-08-30 19:01:17 [info]: Time:
2024-08-30 19:01:17 [info]: [object Object]
2024-08-30 19:01:17 [info]: -1 index
2024-08-30 19:01:17 [info]: 100 delete id
2024-08-30 19:01:17 [info]: deleted? : 
2024-08-30 19:01:49 [info]: renda fixa running in port:9443
2024-08-30 19:01:54 [info]: Time:
2024-08-30 19:01:54 [info]: [object Object]
2024-08-30 19:01:54 [info]: retornando...
2024-08-30 19:01:56 [info]: Time:
2024-08-30 19:01:56 [info]: -1
2024-08-30 19:01:56 [info]: -1 index
2024-08-30 19:01:56 [info]: 100 delete id
2024-08-30 19:01:56 [info]: deleted? : 
2024-08-30 19:03:36 [info]: renda fixa running in port:9443
2024-08-30 19:03:40 [info]: Time:
2024-08-30 19:03:40 [info]: [object Object]
2024-08-30 19:03:40 [info]: retornando...
2024-08-30 19:03:44 [info]: Time:
2024-08-30 19:03:44 [info]: undefined
2024-08-30 19:03:44 [info]: undefined index
2024-08-30 19:03:44 [info]: 100 delete id
2024-08-30 19:03:44 [info]: deleted? : 
2024-08-30 19:04:54 [info]: Time:
2024-08-30 19:04:54 [info]: [object Object]
2024-08-30 19:04:54 [info]: retornando...
2024-08-30 19:05:03 [info]: Time:
2024-08-30 19:05:03 [info]: undefined
2024-08-30 19:05:03 [info]: undefined index
2024-08-30 19:05:03 [info]: 100 delete id
2024-08-30 19:05:03 [info]: deleted? : 
2024-08-30 19:05:48 [info]: renda fixa running in port:9443
2024-08-30 19:05:59 [info]: Time:
2024-08-30 19:05:59 [info]: [object Object]
2024-08-30 19:05:59 [info]: retornando...
2024-08-30 19:06:02 [info]: Time:
2024-08-30 19:06:02 [info]: -1
2024-08-30 19:06:02 [info]: undefined index
2024-08-30 19:06:02 [info]: 100 delete id
2024-08-30 19:06:02 [info]: deleted? : 
2024-08-30 19:07:04 [info]: renda fixa running in port:9443
2024-08-30 19:07:11 [info]: Time:
2024-08-30 19:07:11 [info]: [object Object]
2024-08-30 19:07:11 [info]: retornando...
2024-08-30 19:07:13 [info]: Time:
2024-08-30 19:07:13 [info]: [object Object]
2024-08-30 19:07:13 [info]: -1
2024-08-30 19:07:13 [info]: undefined index
2024-08-30 19:07:13 [info]: 100 delete id
2024-08-30 19:07:13 [info]: deleted? : 
2024-08-30 19:07:55 [info]: renda fixa running in port:9443
2024-08-30 19:07:57 [info]: Time:
2024-08-30 19:07:57 [info]: -1
2024-08-30 19:07:57 [info]: undefined index
2024-08-30 19:07:57 [info]: 100 delete id
2024-08-30 19:07:57 [info]: deleted? : 
2024-08-30 19:08:01 [info]: Time:
2024-08-30 19:08:01 [info]: -1
2024-08-30 19:08:01 [info]: undefined index
2024-08-30 19:08:01 [info]: 100 delete id
2024-08-30 19:08:01 [info]: deleted? : 
2024-08-30 19:08:47 [info]: renda fixa running in port:9443
2024-08-30 19:08:47 [info]: Time:
2024-08-30 19:08:47 [info]: -1
2024-08-30 19:08:47 [info]: undefined index
2024-08-30 19:08:47 [info]: 100 delete id
2024-08-30 19:08:47 [info]: deleted? : 
2024-08-30 19:08:56 [info]: Time:
2024-08-30 19:08:56 [info]: [object Object]
2024-08-30 19:08:56 [info]: retornando...
2024-08-30 19:09:02 [info]: Time:
2024-08-30 19:09:02 [info]: 100
2024-08-30 19:09:02 [info]: client.id
2024-08-30 19:09:02 [info]: -1
2024-08-30 19:09:02 [info]: undefined index
2024-08-30 19:09:02 [info]: 100 delete id
2024-08-30 19:09:02 [info]: deleted? : 
2024-08-30 19:09:33 [info]: renda fixa running in port:9443
2024-08-30 19:09:35 [info]: Time:
2024-08-30 19:09:35 [info]: -1
2024-08-30 19:09:35 [info]: undefined index
2024-08-30 19:09:35 [info]: 100 delete id
2024-08-30 19:09:35 [info]: deleted? : 
2024-08-30 19:09:39 [info]: Time:
2024-08-30 19:09:39 [info]: [object Object]
2024-08-30 19:09:39 [info]: retornando...
2024-08-30 19:09:43 [info]: Time:
2024-08-30 19:09:43 [info]: 100
2024-08-30 19:09:43 [info]: client.id
2024-08-30 19:09:43 [info]: false
2024-08-30 19:09:43 [info]: -1
2024-08-30 19:09:43 [info]: undefined index
2024-08-30 19:09:43 [info]: 100 delete id
2024-08-30 19:09:43 [info]: deleted? : 
2024-08-30 19:11:32 [info]: renda fixa running in port:9443
2024-08-30 19:11:35 [info]: Time:
2024-08-30 19:11:35 [info]: [object Object]
2024-08-30 19:11:35 [info]: retornando...
2024-08-30 19:11:37 [info]: Time:
2024-08-30 19:11:37 [info]: 100
2024-08-30 19:11:37 [info]: client.id
2024-08-30 19:11:37 [info]: true
2024-08-30 19:11:37 [info]: -1
2024-08-30 19:11:37 [info]: undefined index
2024-08-30 19:11:37 [info]: 100 delete id
2024-08-30 19:11:37 [info]: deleted? : 
2024-08-30 19:15:01 [info]: renda fixa running in port:9443
2024-08-30 19:15:06 [info]: Time:
2024-08-30 19:15:06 [info]: [object Object]
2024-08-30 19:15:06 [info]: retornando...
2024-08-30 19:15:08 [info]: Time:
2024-08-30 19:15:08 [info]: -1
2024-08-30 19:15:08 [info]: [object Object] index
2024-08-30 19:15:08 [info]: 100 delete id
2024-08-30 19:15:08 [info]: deleted? : 
2024-08-30 19:15:13 [info]: Time:
2024-08-30 19:15:13 [info]: No clients found.
2024-08-30 19:21:01 [info]: renda fixa running in port:9443
2024-08-30 19:38:12 [info]: renda fixa running in port:9443
2024-08-30 19:38:16 [info]: Time:
2024-08-30 19:38:16 [info]: deleted? : 
2024-08-30 19:38:17 [info]: Time:
2024-08-30 19:38:17 [info]: deleted? : 
2024-08-30 19:38:20 [info]: Time:
2024-08-30 19:38:20 [info]: deleted? : 
2024-08-31 01:22:57 [info]: renda fixa running in port:9443
2024-08-31 01:23:03 [info]: Time:
2024-08-31 01:23:03 [info]: No clients found.
2024-08-31 01:23:06 [info]: Time:
2024-08-31 01:23:06 [info]: [object Object]
2024-08-31 01:23:09 [info]: Time:
2024-08-31 01:23:11 [info]: Time:
2024-08-31 01:23:14 [info]: Time:
2024-08-31 01:23:14 [info]: 0 index
2024-08-31 01:23:16 [info]: Time:
2024-08-31 01:23:16 [info]: deleted? : 
2024-08-31 01:23:20 [info]: Time:
2024-08-31 01:23:20 [info]: No clients found.
2024-08-31 01:24:15 [info]: renda fixa running in port:9443
